VitamioBundle-4/build/outputs/logs/manifest-merger-debug-report.txt
-- Merging decision tree log ---
manifest
ADDED from AirPlay-Receiver-on-Android/VitamioBundle-4/AndroidManifest.xml:1:1-20:12
INJECTED from AirPlay-Receiver-on-Android/VitamioBundle-4/AndroidManifest.xml:1:1-20:12
INJECTED from AirPlay-Receiver-on-Android/VitamioBundle-4/AndroidManifest.xml:1:1-20:12
INJECTED from AirPlay-Receiver-on-Android/VitamioBundle-4/AndroidManifest.xml:1:1-20:12
INJECTED from AirPlay-Receiver-on-Android/VitamioBundle-4/AndroidManifest.xml:1:1-20:12
INJECTED from AirPlay-Receiver-on-Android/VitamioBundle-4/AndroidManifest.xml:1:1-20:12
INJECTED from AirPlay-Receiver-on-Android/VitamioBundle-4/AndroidManifest.xml:1:1-20:12
	package
		ADDED from AirPlay-Receiver-on-Android/VitamioBundle-4/AndroidManifest.xml:2:11-46
		INJECTED from AirPlay-Receiver-on-Android/VitamioBundle-4/AndroidManifest.xml
		INJECTED from AirPlay-Receiver-on-Android/VitamioBundle-4/AndroidManifest.xml
	android:versionName
		ADDED from AirPlay-Receiver-on-Android/VitamioBundle-4/AndroidManifest.xml:4:11-36
		INJECTED from AirPlay-Receiver-on-Android/VitamioBundle-4/AndroidManifest.xml
		INJECTED from AirPlay-Receiver-on-Android/VitamioBundle-4/AndroidManifest.xml
	xmlns:android
		ADDED from AirPlay-Receiver-on-Android/VitamioBundle-4/AndroidManifest.xml:1:11-69
	android:versionCode
		ADDED from AirPlay-Receiver-on-Android/VitamioBundle-4/AndroidManifest.xml:3:11-36
		INJECTED from AirPlay-Receiver-on-Android/VitamioBundle-4/AndroidManifest.xml
		INJECTED from AirPlay-Receiver-on-Android/VitamioBundle-4/AndroidManifest.xml
uses-sdk
ADDED from AirPlay-Receiver-on-Android/VitamioBundle-4/AndroidManifest.xml:6:5-8:44
	android:targetSdkVersion
		ADDED from AirPlay-Receiver-on-Android/VitamioBundle-4/AndroidManifest.xml:8:13-42
	android:minSdkVersion
		ADDED from AirPlay-Receiver-on-Android/VitamioBundle-4/AndroidManifest.xml:7:13-38
application
ADDED from AirPlay-Receiver-on-Android/VitamioBundle-4/AndroidManifest.xml:10:5-18:19
activity#io.vov.vitamio.activity.InitActivity
ADDED from AirPlay-Receiver-on-Android/VitamioBundle-4/AndroidManifest.xml:12:9-17:66
	android:launchMode
		ADDED from AirPlay-Receiver-on-Android/VitamioBundle-4/AndroidManifest.xml:15:17-47
	android:windowSoftInputMode
		ADDED from AirPlay-Receiver-on-Android/VitamioBundle-4/AndroidManifest.xml:17:17-64
	android:configChanges
		ADDED from AirPlay-Receiver-on-Android/VitamioBundle-4/AndroidManifest.xml:14:17-117
	android:theme
		ADDED from AirPlay-Receiver-on-Android/VitamioBundle-4/AndroidManifest.xml:16:17-64
	android:name
		ADDED from AirPlay-Receiver-on-Android/VitamioBundle-4/AndroidManifest.xml:13:17-68